<?xml version="1.0" encoding="UTF-8"?>
<!-- Generated by org.testng.reporters.JUnitXMLReporter -->
<testsuite hostname="INBADSBHATTACHARJEE" ignored="0" name="Default test" tests="3" failures="0" timestamp="07 Jan 2019 13:26:12 GMT" time="41.832" errors="0">
  <testcase name="LoginPageTitleTest" time="3.015" classname="com.naukri.qa.testcases.LoginPageTest"/>
  <testcase name="LoginPopupTest" time="0.127" classname="com.naukri.qa.testcases.LoginPageTest"/>
  <testcase name="LoginTest" time="11.058" classname="com.naukri.qa.testcases.LoginPageTest"/>
</testsuite> <!-- Default test -->
