<?xml version="1.0" encoding="UTF-8"?>
<!-- Generated by org.testng.reporters.JUnitXMLReporter -->
<testsuite hostname="INBADSBHATTACHARJEE" name="Command line test" tests="3" failures="0" timestamp="8 Jan 2019 09:50:34 GMT" time="35.458" errors="0">
  <testcase name="LoginPageTitleTest" time="3.01" classname="com.naukri.qa.testcases.LoginPageTest"/>
  <testcase name="LoginPopupTest" time="0.123" classname="com.naukri.qa.testcases.LoginPageTest"/>
  <testcase name="LoginTest" time="10.724" classname="com.naukri.qa.testcases.LoginPageTest"/>
</testsuite> <!-- Command line test -->
