<?xml version="1.0" encoding="UTF-8"?>
<testng-results skipped="0" failed="0" total="3" passed="3">
  <reporter-output>
  </reporter-output>
  <suite name="Command line suite" duration-ms="35458" started-at="2019-01-08T09:49:58Z" finished-at="2019-01-08T09:50:34Z">
    <groups>
    </groups>
    <test name="Command line test" duration-ms="35458" started-at="2019-01-08T09:49:58Z" finished-at="2019-01-08T09:50:34Z">
      <class name="com.naukri.qa.testcases.LoginPageTest">
        <test-method status="PASS" signature="setUp()[pri:0, instance:com.naukri.qa.testcases.LoginPageTest@3498ed]" name="setUp" is-config="true" duration-ms="7090" started-at="2019-01-08T15:19:58Z" finished-at="2019-01-08T15:20:05Z">
          <reporter-output>
          </reporter-output>
        </test-method> <!-- setUp -->
        <test-method status="PASS" signature="LoginPageTitleTest()[pri:0, instance:com.naukri.qa.testcases.LoginPageTest@3498ed]" name="LoginPageTitleTest" duration-ms="3010" started-at="2019-01-08T15:20:05Z" finished-at="2019-01-08T15:20:08Z">
          <reporter-output>
          </reporter-output>
        </test-method> <!-- LoginPageTitleTest -->
        <test-method status="PASS" signature="tearDown()[pri:0, instance:com.naukri.qa.testcases.LoginPageTest@3498ed]" name="tearDown" is-config="true" duration-ms="692" started-at="2019-01-08T15:20:08Z" finished-at="2019-01-08T15:20:09Z">
          <reporter-output>
          </reporter-output>
        </test-method> <!-- tearDown -->
        <test-method status="PASS" signature="setUp()[pri:0, instance:com.naukri.qa.testcases.LoginPageTest@3498ed]" name="setUp" is-config="true" duration-ms="5930" started-at="2019-01-08T15:20:09Z" finished-at="2019-01-08T15:20:15Z">
          <reporter-output>
          </reporter-output>
        </test-method> <!-- setUp -->
        <test-method status="PASS" signature="LoginPopupTest()[pri:0, instance:com.naukri.qa.testcases.LoginPageTest@3498ed]" name="LoginPopupTest" duration-ms="123" started-at="2019-01-08T15:20:15Z" finished-at="2019-01-08T15:20:15Z">
          <reporter-output>
          </reporter-output>
        </test-method> <!-- LoginPopupTest -->
        <test-method status="PASS" signature="tearDown()[pri:0, instance:com.naukri.qa.testcases.LoginPageTest@3498ed]" name="tearDown" is-config="true" duration-ms="661" started-at="2019-01-08T15:20:15Z" finished-at="2019-01-08T15:20:16Z">
          <reporter-output>
          </reporter-output>
        </test-method> <!-- tearDown -->
        <test-method status="PASS" signature="setUp()[pri:0, instance:com.naukri.qa.testcases.LoginPageTest@3498ed]" name="setUp" is-config="true" duration-ms="6519" started-at="2019-01-08T15:20:16Z" finished-at="2019-01-08T15:20:22Z">
          <reporter-output>
          </reporter-output>
        </test-method> <!-- setUp -->
        <test-method status="PASS" signature="LoginTest()[pri:0, instance:com.naukri.qa.testcases.LoginPageTest@3498ed]" name="LoginTest" duration-ms="10724" started-at="2019-01-08T15:20:22Z" finished-at="2019-01-08T15:20:33Z">
          <reporter-output>
          </reporter-output>
        </test-method> <!-- LoginTest -->
        <test-method status="PASS" signature="tearDown()[pri:0, instance:com.naukri.qa.testcases.LoginPageTest@3498ed]" name="tearDown" is-config="true" duration-ms="689" started-at="2019-01-08T15:20:33Z" finished-at="2019-01-08T15:20:34Z">
          <reporter-output>
          </reporter-output>
        </test-method> <!-- tearDown -->
      </class> <!-- com.naukri.qa.testcases.LoginPageTest -->
    </test> <!-- Command line test -->
  </suite> <!-- Command line suite -->
</testng-results>
